<?xml version="1.0" encoding="UTF-8"?>
<!-- Generated by org.testng.reporters.JUnitReportReporter -->
<testsuite hostname="DESKTOP-K8C255O" failures="0" tests="1" name="com.ems.non_bdd.DeleteAnEmployee" time="5.196" errors="0" timestamp="2022-09-16T20:38:09 GMT-07:00" skipped="0">
  <testcase classname="com.ems.non_bdd.DeleteAnEmployee" name="deleteAnEmployee" time="5.196"/>
  <system-out/>
</testsuite> <!-- com.ems.non_bdd.DeleteAnEmployee -->
