<?xml version="1.0" encoding="UTF-8"?>
<!-- Generated by org.testng.reporters.JUnitReportReporter -->
<testsuite hostname="DESKTOP-K8C255O" failures="0" tests="1" name="com.ems.extra_concepts.Serialization" time="14.523" errors="0" timestamp="2022-09-21T15:14:16 GMT-07:00" skipped="0">
  <testcase classname="com.ems.extra_concepts.Serialization" name="serilization" time="14.523"/>
  <system-out/>
</testsuite> <!-- com.ems.extra_concepts.Serialization -->
