<?xml version="1.0" encoding="UTF-8"?>
<!-- Generated by org.testng.reporters.JUnitReportReporter -->
<testsuite hostname="DESKTOP-K8C255O" failures="0" tests="1" name="com.ems.bdd_style.CreateEmployeeFromJson" time="8.660" errors="0" timestamp="2022-09-20T16:53:04 GMT-07:00" skipped="0">
  <testcase classname="com.ems.bdd_style.CreateEmployeeFromJson" name="createEmployeeFromJson" time="8.660"/>
  <system-out/>
</testsuite> <!-- com.ems.bdd_style.CreateEmployeeFromJson -->
