<?xml version="1.0" encoding="UTF-8"?>
<!-- Generated by org.testng.reporters.JUnitReportReporter -->
<testsuite hostname="DESKTOP-K8C255O" failures="0" tests="1" name="com.ems.non_bdd.UpdateAnEmployee" time="6.335" errors="0" timestamp="2022-09-16T20:36:07 GMT-07:00" skipped="0">
  <testcase classname="com.ems.non_bdd.UpdateAnEmployee" name="updateAnEmployee" time="6.335"/>
  <system-out/>
</testsuite> <!-- com.ems.non_bdd.UpdateAnEmployee -->
