<?xml version="1.0" encoding="UTF-8"?>
<!-- Generated by org.testng.reporters.JUnitReportReporter -->
<testsuite hostname="DESKTOP-K8C255O" failures="0" tests="1" name="com.ems.non_bdd.CreateAnEmployee" time="6.896" errors="0" timestamp="2022-09-16T20:15:04 GMT-07:00" skipped="0">
  <testcase classname="com.ems.non_bdd.CreateAnEmployee" name="createAnEmployee" time="6.896"/>
  <system-out/>
</testsuite> <!-- com.ems.non_bdd.CreateAnEmployee -->
