<?xml version="1.0" encoding="UTF-8"?>
<!-- Generated by org.testng.reporters.JUnitReportReporter -->
<testsuite hostname="DESKTOP-K8C255O" failures="0" tests="2" name="com.ems.non_bdd.GetAllEmployees" time="6.008" errors="0" timestamp="2022-09-26T10:45:26 GMT-07:00" skipped="1">
  <testcase classname="com.ems.non_bdd.GetAllEmployees" name="getaSingleEmployees" time="6.008"/>
  <system-out/>
  <testcase classname="com.ems.non_bdd.GetAllEmployees" name="getallEmployees">
    <skipped/>
  </testcase> <!-- getallEmployees -->
  <system-out/>
</testsuite> <!-- com.ems.non_bdd.GetAllEmployees -->
